{"C:\\Users\\phuch\\OneDrive\\Documents\\OSD600 - main\\my-button-ssg\\htmlGen.js": {"path":"C:\\Users\\phuch\\OneDrive\\Documents\\OSD600 - main\\my-button-ssg\\htmlGen.js","statementMap":{"0":{"start":{"line":3,"column":2},"end":{"line":7,"column":3}},"1":{"start":{"line":4,"column":4},"end":{"line":4,"column":39}},"2":{"start":{"line":5,"column":9},"end":{"line":7,"column":3}},"3":{"start":{"line":6,"column":4},"end":{"line":6,"column":41}},"4":{"start":{"line":9,"column":2},"end":{"line":13,"column":3}},"5":{"start":{"line":10,"column":4},"end":{"line":10,"column":40}},"6":{"start":{"line":11,"column":9},"end":{"line":13,"column":3}},"7":{"start":{"line":12,"column":4},"end":{"line":12,"column":42}},"8":{"start":{"line":15,"column":2},"end":{"line":19,"column":3}},"9":{"start":{"line":16,"column":4},"end":{"line":16,"column":39}},"10":{"start":{"line":17,"column":9},"end":{"line":19,"column":3}},"11":{"start":{"line":18,"column":4},"end":{"line":18,"column":48}},"12":{"start":{"line":21,"column":2},"end":{"line":25,"column":3}},"13":{"start":{"line":22,"column":4},"end":{"line":22,"column":41}},"14":{"start":{"line":23,"column":9},"end":{"line":25,"column":3}},"15":{"start":{"line":24,"column":4},"end":{"line":24,"column":43}},"16":{"start":{"line":27,"column":2},"end":{"line":48,"column":3}},"17":{"start":{"line":28,"column":4},"end":{"line":45,"column":54}},"18":{"start":{"line":47,"column":4},"end":{"line":47,"column":48}},"19":{"start":{"line":51,"column":0},"end":{"line":51,"column":33}}},"fnMap":{"0":{"name":"htmlGen","decl":{"start":{"line":1,"column":9},"end":{"line":1,"column":16}},"loc":{"start":{"line":1,"column":44},"end":{"line":49,"column":1}},"line":1}},"branchMap":{"0":{"loc":{"start":{"line":3,"column":2},"end":{"line":7,"column":3}},"type":"if","locations":[{"start":{"line":3,"column":2},"end":{"line":7,"column":3}},{"start":{"line":5,"column":9},"end":{"line":7,"column":3}}],"line":3},"1":{"loc":{"start":{"line":5,"column":9},"end":{"line":7,"column":3}},"type":"if","locations":[{"start":{"line":5,"column":9},"end":{"line":7,"column":3}},{"start":{},"end":{}}],"line":5},"2":{"loc":{"start":{"line":9,"column":2},"end":{"line":13,"column":3}},"type":"if","locations":[{"start":{"line":9,"column":2},"end":{"line":13,"column":3}},{"start":{"line":11,"column":9},"end":{"line":13,"column":3}}],"line":9},"3":{"loc":{"start":{"line":11,"column":9},"end":{"line":13,"column":3}},"type":"if","locations":[{"start":{"line":11,"column":9},"end":{"line":13,"column":3}},{"start":{},"end":{}}],"line":11},"4":{"loc":{"start":{"line":15,"column":2},"end":{"line":19,"column":3}},"type":"if","locations":[{"start":{"line":15,"column":2},"end":{"line":19,"column":3}},{"start":{"line":17,"column":9},"end":{"line":19,"column":3}}],"line":15},"5":{"loc":{"start":{"line":15,"column":6},"end":{"line":15,"column":56}},"type":"binary-expr","locations":[{"start":{"line":15,"column":6},"end":{"line":15,"column":29}},{"start":{"line":15,"column":33},"end":{"line":15,"column":56}}],"line":15},"6":{"loc":{"start":{"line":17,"column":9},"end":{"line":19,"column":3}},"type":"if","locations":[{"start":{"line":17,"column":9},"end":{"line":19,"column":3}},{"start":{},"end":{}}],"line":17},"7":{"loc":{"start":{"line":17,"column":13},"end":{"line":17,"column":50}},"type":"binary-expr","locations":[{"start":{"line":17,"column":13},"end":{"line":17,"column":36}},{"start":{"line":17,"column":40},"end":{"line":17,"column":50}}],"line":17},"8":{"loc":{"start":{"line":21,"column":2},"end":{"line":25,"column":3}},"type":"if","locations":[{"start":{"line":21,"column":2},"end":{"line":25,"column":3}},{"start":{"line":23,"column":9},"end":{"line":25,"column":3}}],"line":21},"9":{"loc":{"start":{"line":23,"column":9},"end":{"line":25,"column":3}},"type":"if","locations":[{"start":{"line":23,"column":9},"end":{"line":25,"column":3}},{"start":{},"end":{}}],"line":23},"10":{"loc":{"start":{"line":27,"column":2},"end":{"line":48,"column":3}},"type":"if","locations":[{"start":{"line":27,"column":2},"end":{"line":48,"column":3}},{"start":{"line":46,"column":9},"end":{"line":48,"column":3}}],"line":27},"11":{"loc":{"start":{"line":27,"column":6},"end":{"line":27,"column":30}},"type":"binary-expr","locations":[{"start":{"line":27,"column":6},"end":{"line":27,"column":16}},{"start":{"line":27,"column":20},"end":{"line":27,"column":30}}],"line":27},"12":{"loc":{"start":{"line":28,"column":11},"end":{"line":45,"column":53}},"type":"cond-expr","locations":[{"start":{"line":29,"column":8},"end":{"line":36,"column":53}},{"start":{"line":37,"column":8},"end":{"line":45,"column":53}}],"line":28}},"s":{"0":11,"1":1,"2":10,"3":1,"4":9,"5":1,"6":8,"7":1,"8":7,"9":1,"10":6,"11":1,"12":5,"13":1,"14":4,"15":1,"16":3,"17":2,"18":1,"19":1},"f":{"0":11},"b":{"0":[1,10],"1":[1,9],"2":[1,8],"3":[1,7],"4":[1,6],"5":[7,3],"6":[1,5],"7":[6,4],"8":[1,4],"9":[1,3],"10":[2,1],"11":[3,2],"12":[1,1]},"_coverageSchema":"1a1c01bbd47fc00a2c39e90264f33305004495a9","hash":"b5c2939960b57159cd7936a7f13cf2f55098a9f1"}
}
